<?xml version="1.0" encoding="UTF-8"?>
<!-- Generated by org.testng.reporters.JUnitReportReporter -->
<testsuite hostname="LAPTOP-D0T5BIHF" failures="0" tests="1" name="TestCode.ExctractText" time="8.261" errors="0" timestamp="2023-02-26T10:58:39 IST" skipped="0">
  <testcase classname="TestCode.ExctractText" name="testPushpaMovieDetails" time="8.261"/>
  <system-out/>
</testsuite> <!-- TestCode.ExctractText -->
